{
    "loaded_dates": [
        "2017-11-20",
        "2017-11-21",
        "2017-11-22",
        "2017-11-20",
        "2017-11-21",
        "2017-11-22",
        "2017-11-20",
        "2017-11-21",
        "2017-11-22",
        "2017-11-20",
        "2017-11-21",
        "2017-11-22",
        "2017-11-20",
        "2017-11-21",
        "2017-11-22",
        "2017-11-20",
        "2017-11-21",
        "2017-11-22",
        "2017-11-21",
        "2017-11-22",
        "2017-11-20",
        "2017-11-21",
        "2017-11-22",
        "2017-11-20",
        "2017-11-21",
        "2017-11-22",
        "2017-11-20",
        "2017-11-21",
        "2017-11-22",
        "2017-11-23",
        "2017-11-20",
        "2017-11-21",
        "2017-11-22",
        "2017-11-23",
        "2017-11-20",
        "2017-11-21",
        "2017-11-22",
        "2017-11-23",
        "2017-11-22",
        "2017-11-21",
        "2017-11-22",
        "2017-11-23",
        "2017-11-22",
        "2017-11-21",
        "2017-11-22",
        "2017-11-23",
        "2017-11-21",
        "2017-11-22",
        "2017-11-23",
        "2017-11-20",
        "2017-11-21",
        "2017-11-22",
        "2017-11-23",
        "2017-11-21",
        "2017-11-22",
        "2017-11-23",
        "2017-11-21",
        "2017-11-22",
        "2017-11-23",
        "2017-11-20",
        "2017-11-21",
        "2017-11-22",
        "2017-11-23",
        "2017-11-21",
        "2017-11-22",
        "2017-11-23",
        "2017-11-21",
        "2017-11-22",
        "2017-11-23",
        "2017-11-20",
        "2017-11-21",
        "2017-11-22",
        "2017-11-21",
        "2017-11-22",
        "2017-11-23",
        "2017-11-21",
        "2017-11-22",
        "2017-11-21",
        "2017-11-22",
        "2017-11-21",
        "2017-11-23",
        "2017-11-21",
        "2017-11-22",
        "2017-11-23",
        "2017-11-21",
        "2017-11-22",
        "2017-11-23",
        "2017-11-22",
        "2017-11-23",
        "2017-11-21",
        "2017-11-23",
        "2017-11-21",
        "2017-11-23",
        "2017-11-22",
        "2017-11-21",
        "2017-11-22",
        "2017-11-23",
        "2017-11-21",
        "2017-11-22",
        "2017-11-23",
        "2017-11-21",
        "2017-11-22",
        "2017-11-23",
        "2017-11-21",
        "2017-11-22",
        "2017-11-23",
        "2017-11-22",
        "2017-11-23",
        "2017-11-21",
        "2017-11-22",
        "2017-11-23",
        "2017-11-21",
        "2017-11-22",
        "2017-11-23",
        "2017-11-21",
        "2017-11-22",
        "2017-11-23",
        "2017-11-20",
        "2017-11-22",
        "2017-11-20",
        "2017-11-22",
        "2017-11-23",
        "2017-11-21",
        "2017-11-22",
        "2017-11-23",
        "2017-11-21",
        "2017-11-22",
        "2017-11-23",
        "2017-11-21",
        "2017-11-22",
        "2017-11-23",
        "2017-11-20",
        "2017-11-21",
        "2017-11-22",
        "2017-11-23",
        "2017-11-21",
        "2017-11-22",
        "2017-11-23",
        "2017-11-21",
        "2017-11-22",
        "2017-11-23",
        "2017-11-26",
        "2017-11-26",
        "2017-11-26",
        "2017-11-26",
        "2017-11-26",
        "2017-11-26",
        "2017-11-26",
        "2017-11-26",
        "2017-11-26",
        "2017-11-26",
        "2017-11-26",
        "2017-11-26",
        "2017-11-26",
        "2017-11-26",
        "2017-11-26",
        "2017-11-26",
        "2017-11-26",
        "2017-11-26",
        "2017-11-26",
        "2017-11-26",
        "2017-11-26",
        "2017-11-26",
        "2017-11-26",
        "2017-11-26",
        "2017-11-26",
        "2017-11-26",
        "2017-11-26",
        "2017-11-26",
        "2017-11-26",
        "2017-11-26",
        "2017-11-26",
        "2017-11-26",
        "2017-11-26",
        "2017-11-26",
        "2017-11-26",
        "2017-11-26",
        "2017-11-26",
        "2017-11-26",
        "2017-11-26",
        "2017-11-26",
        "2017-11-26",
        "2017-11-26",
        "2017-11-26",
        "2017-11-26",
        "2017-11-26",
        "2017-11-26",
        "2017-11-26",
        "2017-11-26",
        "2017-11-26",
        "2017-11-26",
        "2017-11-26",
        "2017-11-26",
        "2017-11-26",
        "2017-11-26",
        "2017-11-26",
        "2017-11-26",
        "2017-11-26",
        "2017-11-26",
        "2017-11-26",
        "2017-11-26",
        "2017-11-26",
        "2017-11-26",
        "2017-11-26",
        "2017-11-26",
        "2017-11-26",
        "2017-11-26",
        "2017-11-26",
        "2017-11-26",
        "2017-11-26",
        "2017-11-26",
        "2017-11-25",
        "2017-11-26",
        "2017-11-26",
        "2017-11-25",
        "2017-11-26",
        "2017-11-26",
        "2017-11-26",
        "2017-11-26",
        "2017-11-26",
        "2017-11-26",
        "2017-11-26",
        "2017-11-26",
        "2017-11-26",
        "2017-11-26",
        "2017-11-26",
        "2017-11-26",
        "2017-11-26",
        "2017-11-26",
        "2017-11-26",
        "2017-11-26",
        "2017-11-29",
        "2017-11-29",
        "2017-11-29",
        "2017-11-29",
        "2017-11-29",
        "2017-11-29",
        "2017-11-29",
        "2017-11-29",
        "2017-11-29",
        "2017-11-29",
        "2017-11-29",
        "2017-11-29",
        "2017-11-29",
        "2017-11-29",
        "2017-11-29",
        "2017-11-29",
        "2017-11-30",
        "2017-11-30",
        "2017-11-30",
        "2017-11-30",
        "2017-11-30",
        "2017-11-30",
        "2017-11-30",
        "2017-11-30",
        "2017-11-30",
        "2017-11-30",
        "2017-11-30",
        "2017-11-30",
        "2017-11-30",
        "2017-11-30",
        "2017-11-30",
        "2017-11-30",
        "2017-11-30",
        "2017-11-30",
        "2017-11-30",
        "2017-11-30",
        "2017-11-30",
        "2017-11-30",
        "2017-11-30",
        "2017-11-30",
        "2017-11-30",
        "2017-11-30",
        "2017-11-30",
        "2017-11-30",
        "2017-11-30",
        "2017-11-30",
        "2017-11-30",
        "2017-11-30",
        "2017-11-30",
        "2017-11-30",
        "2017-11-30",
        "2017-11-30",
        "2017-11-30",
        "2017-11-30",
        "2017-11-30",
        "2017-11-30",
        "2017-12-01",
        "2017-12-01",
        "2017-12-01",
        "2017-12-01",
        "2017-12-01",
        "2017-12-01",
        "2017-12-01",
        "2017-12-01",
        "2017-12-01",
        "2017-12-01",
        "2017-12-01",
        "2017-12-01",
        "2015-01-01",
        "2015-01-02",
        "2015-01-03",
        "2015-01-01",
        "2015-01-02",
        "2015-01-03",
        "2015-01-01",
        "2015-01-02",
        "2015-01-03"
    ],
    "skipped_dates": [],
    "scraping_times": [
        "2017-12-01 02:55:11"
    ]
}